		Initializing .... 

Total memory allocated = 5454196
		Begin Printing Seed information

Seed point: 9 3 	Path 0 0 	User path -1 -1 -1

---------------------

Print path: 



[9 3] 

		Begin Printing Seed information

Seed point: 9 3 	Path 0 11 	User path 0 128 0

Seed point: 18 3 	Path 12 12 	User path 128 128 128

---------------------

Print path: 



[9 3] [9 4] [10 4] [11 4] [12 4] [13 4] [14 4] 
[15 4] [16 4] [17 4] [17 3] [18 3] [18 3] 

		Begin Printing Seed information

Seed point: 9 3 	Path 0 11 	User path 0 128 0

Seed point: 18 3 	Path 12 31 	User path 128 242 128

Seed point: 3 3 	Path 32 32 	User path 242 242 242

---------------------

Print path: 



[9 3] [9 4] [10 4] [11 4] [12 4] [13 4] [14 4] 
[15 4] [16 4] [17 4] [17 3] [18 3] [18 3] [17 3] 
[17 4] [16 4] [15 4] [14 4] [13 4] [12 4] [11 4] 
[10 4] [9 4] [8 4] [7 4] [6 4] [6 5] [5 5] 
[4 5] [3 5] [3 4] [3 3] [3 3] 

		Begin Printing Seed information

Seed point: 9 3 	Path 0 11 	User path 0 128 0

Seed point: 18 3 	Path 12 31 	User path 128 242 128

Seed point: 3 3 	Path 32 32 	User path 242 279 242

Seed point: 3 3 	Path 33 33 	User path 279 279 279

---------------------

Print path: 



[9 3] [9 4] [10 4] [11 4] [12 4] [13 4] [14 4] 
[15 4] [16 4] [17 4] [17 3] [18 3] [18 3] [17 3] 
[17 4] [16 4] [15 4] [14 4] [13 4] [12 4] [11 4] 
[10 4] [9 4] [8 4] [7 4] [6 4] [6 5] [5 5] 
[4 5] [3 5] [3 4] [3 3] [3 3] [3 3] 

		Begin Printing Seed information

Seed point: 9 3 	Path 0 11 	User path 0 128 0

Seed point: 18 3 	Path 12 31 	User path 128 242 128

Seed point: 3 3 	Path 32 32 	User path 242 279 242

Seed point: 3 3 	Path 33 33 	User path 279 378 279

Seed point: 3 3 	Path 34 34 	User path 378 378 378

---------------------

Print path: 



[9 3] [9 4] [10 4] [11 4] [12 4] [13 4] [14 4] 
[15 4] [16 4] [17 4] [17 3] [18 3] [18 3] [17 3] 
[17 4] [16 4] [15 4] [14 4] [13 4] [12 4] [11 4] 
[10 4] [9 4] [8 4] [7 4] [6 4] [6 5] [5 5] 
[4 5] [3 5] [3 4] [3 3] [3 3] [3 3] [3 3] 

User path


[9 3] [9 3] [10 3] [10 3] [11 3] [11 3] [11 3] 
[11 3] [12 3] [12 3] [12 3] [12 3] [13 3] [13 3] 
[13 3] [13 3] [13 3] [14 3] [14 3] [14 3] [14 3] 
[14 3] [15 3] [15 3] [15 3] [15 3] [16 3] [16 3] 
[16 3] [16 3] [17 3] [17 3] [17 3] [17 3] [18 3] 
[18 3] [18 3] [18 3] [18 3] [18 3] [18 3] [18 3] 
[18 3] [18 3] [18 3] [18 3] [18 3] [18 3] [18 3] 
[18 3] [18 3] [18 4] [18 4] [18 4] [18 4] [18 4] 
[18 5] [18 5] [18 5] [18 5] [18 6] [18 6] [18 6] 
[18 6] [18 6] [18 7] [18 7] [18 7] [18 7] [18 8] 
[18 8] [18 8] [18 8] [18 9] [18 9] [18 9] [18 9] 
[18 10] [18 10] [18 10] [18 10] [18 9] [18 8] [18 8] 
[18 8] [18 8] [18 8] [18 7] [18 7] [18 7] [18 7] 
[18 6] [18 6] [18 6] [18 6] [18 5] [18 5] [18 5] 
[18 5] [18 4] [18 4] [18 4] [18 4] [18 3] [18 3] 
[18 3] [18 3] [18 3] [18 3] [18 3] [18 3] [18 3] 
[18 3] [18 3] [18 3] [18 3] [18 3] [18 3] [18 3] 
[18 3] [18 3] [18 3] [18 3] [18 3] [18 3] [18 3] 
[18 3] [18 3] [18 3] [18 3] [18 3] [18 3] [18 3] 
[18 3] [18 3] [18 3] [18 3] [18 3] [18 3] [18 3] 
[18 3] [18 3] [18 3] [18 4] [18 4] [18 4] [18 4] 
[18 5] [18 5] [18 5] [18 6] [18 6] [18 6] [18 7] 
[18 7] [18 7] [18 7] [18 7] [18 6] [18 6] [18 5] 
[18 5] [18 4] [18 4] [18 3] [18 3] [18 3] [18 3] 
[18 3] [18 3] [18 3] [18 3] [18 3] [18 3] [14 3] 
[11 3] [6 3] [3 3] [3 3] [3 3] [3 3] [3 3] 
[3 3] [3 3] [3 3] [3 3] [3 3] [3 3] [3 3] 
[3 3] [3 3] [3 3] [3 3] [3 3] [3 3] [3 3] 
[3 3] [3 3] [3 3] [3 3] [3 3] [3 3] [3 3] 
[3 3] [3 3] [3 3] [3 3] [3 3] [3 3] [3 3] 
[3 3] [3 3] [3 3] [3 3] [3 3] [3 3] [3 3] 
[3 3] [3 3] [3 3] [3 3] [3 3] [3 3] [3 3] 
[3 3] [3 3] [3 3] [3 3] [3 3] [3 3] [3 3] 
[3 3] [3 3] [3 3] [3 3] [3 3] [3 3] [3 3] 
[3 3] [3 3] [3 3] [3 3] [3 3] [3 3] [3 3] 
[3 3] [3 3] [3 3] [3 3] [3 3] [3 3] [3 3] 
[3 3] [3 3] [3 3] [3 3] [3 3] [3 3] [3 3] 
[3 3] [3 3] [3 3] [3 3] [3 3] [3 3] [3 3] 
[3 3] [3 3] [3 3] [3 3] [3 3] [3 3] [3 3] 
[3 3] [3 3] [3 3] [3 3] [3 3] [3 3] [3 3] 
[3 3] [3 3] [3 3] [3 3] [3 3] [3 3] [3 3] 
[3 3] [3 3] [3 3] [3 3] [3 3] [3 3] [3 3] 
[3 3] [3 3] [3 3] [3 3] [3 3] [3 3] [3 3] 
[3 3] [3 3] [3 3] [3 3] [3 3] [3 3] [3 3] 
[3 3] [3 3] [3 3] [3 3] [3 3] [3 3] [3 3] 
[3 3] [3 3] [3 3] [3 3] [3 3] [3 3] [3 3] 
[3 3] [3 3] [3 3] [3 3] [3 3] [3 3] [3 3] 
[3 3] [3 3] [3 3] [3 3] [3 3] [3 3] [3 3] 
[3 3] [3 3] [3 3] [3 3] [3 3] [3 3] [3 3] 
[3 3] [3 3] [3 3] [3 3] [3 3] [3 3] [3 3] 
[3 3] [3 3] [3 3] [3 3] [3 3] [3 3] [3 3] 
[3 3] [3 3] [3 3] [3 3] [3 3] [3 3] [3 3] 
[3 3] [3 3] [3 3] [3 3] [3 3] [3 3] [3 3] 
[3 3] [3 3] [3 3] [3 3] [3 3] [3 3] [3 3] 
[3 3] [3 3] 

		Begin Printing Seed information

Seed point: 9 3 	Path 0 11 	User path 0 128 0

Seed point: 18 3 	Path 12 31 	User path 128 242 128

Seed point: 3 3 	Path 32 32 	User path 242 279 242

Seed point: 3 3 	Path 33 33 	User path 279 378 279

Seed point: 3 3 	Path 34 34 	User path 378 380 378

Seed point: 3 3 	Path 35 35 	User path 380 380 380

---------------------

Print path: 



[9 3] [9 4] [10 4] [11 4] [12 4] [13 4] [14 4] 
[15 4] [16 4] [17 4] [17 3] [18 3] [18 3] [17 3] 
[17 4] [16 4] [15 4] [14 4] [13 4] [12 4] [11 4] 
[10 4] [9 4] [8 4] [7 4] [6 4] [6 5] [5 5] 
[4 5] [3 5] [3 4] [3 3] [3 3] [3 3] [3 3] 
[3 3] 

